<?xml version="1.0" encoding="UTF-8"?>
<!-- Generated by org.testng.reporters.JUnitReportReporter -->
<testsuite hostname="Adeyinka-Turms" failures="0" tests="2" name="AppTests.AdvertiserdashboardTest" time="20.021" errors="0" timestamp="2025-08-03T22:17:23 CEST" skipped="0">
  <testcase classname="AppTests.AdvertiserdashboardTest" name="Information_FieldsTA_846" time="10.357"/>
  <system-out/>
  <testcase classname="AppTests.AdvertiserdashboardTest" name="VerifyLoginlogoutTA_817" time="9.664"/>
  <system-out/>
</testsuite> <!-- AppTests.AdvertiserdashboardTest -->
