<?xml version="1.0" encoding="UTF-8"?>
<!-- Generated by org.testng.reporters.JUnitReportReporter -->
<testsuite hostname="Adeyinka-Turms" failures="0" tests="1" name="AppTests.AdvertiserdashboardTest" time="19.921" errors="0" timestamp="2025-07-24T11:09:11 CEST" skipped="0">
  <testcase classname="AppTests.AdvertiserdashboardTest" name="loginlogout" time="19.921"/>
  <system-out/>
</testsuite> <!-- AppTests.AdvertiserdashboardTest -->
