<?xml version="1.0" encoding="UTF-8"?>
<!-- Generated by org.testng.reporters.JUnitReportReporter -->
<testsuite hostname="Adeyinka-Turms" failures="0" tests="1" name="AppTests.AdvertiserdashboardTest" time="5.465" errors="0" timestamp="2025-07-25T20:52:01 CEST" skipped="0">
  <testcase classname="AppTests.AdvertiserdashboardTest" name="VerifyLoginlogoutTA_817" time="5.465"/>
  <system-out/>
</testsuite> <!-- AppTests.AdvertiserdashboardTest -->
